<?xml version="1.0" encoding="UTF-8"?>
<!-- Generated by org.testng.reporters.JUnitReportReporter -->
<testsuite name="com.manjula.HomePage" tests="2" time="51.207" ignored="0" failures="0" timestamp="16 Sep 2018 01:51:29 GMT" skipped="0" hostname="DESKTOP-LNUQ5F6" errors="0">
  <testcase name="basePageNavigation" time="25.279" classname="com.manjula.HomePage"/>
  <testcase name="basePageNavigation" time="25.928" classname="com.manjula.HomePage"/>
</testsuite> <!-- com.manjula.HomePage -->
