<?xml version="1.0" encoding="UTF-8"?>
<!-- Generated by org.testng.reporters.JUnitReportReporter -->
<testsuite hostname="DESKTOP-LNUQ5F6" name="com.apple.demotests.testpages.TestClass" tests="1" failures="0" timestamp="22 Jun 2018 18:11:18 GMT" time="43.157" errors="0">
  <testcase name="transactionFailsForIncorrectPaymentInfo" time="43.157" classname="com.apple.demotests.testpages.TestClass"/>
</testsuite> <!-- com.apple.demotests.testpages.TestClass -->
