<?xml version="1.0" encoding="UTF-8"?>
<!-- Generated by org.testng.reporters.JUnitReportReporter -->
<testsuite skipped="0" hostname="DESKTOP-LNUQ5F6" name="com.sharma.HomePageTest" tests="3" failures="0" timestamp="08 Jul 2017 05:12:21 GMT" time="57.224" errors="0">
  <testcase name="headerLinksTest" time="15.164" classname="com.sharma.HomePageTest"/>
  <testcase name="sliderImagesTest" time="15.765" classname="com.sharma.HomePageTest"/>
  <testcase name="searchTest" time="26.295" classname="com.sharma.HomePageTest"/>
</testsuite> <!-- com.sharma.HomePageTest -->
